<?xml version="1.0" encoding="UTF-8"?>
<!-- Generated by org.testng.reporters.JUnitReportReporter -->
<testsuite hostname="LAPTOP-PB7A2EIU" failures="0" tests="3" name="com.test.TestNGBasics" time="0.008" errors="0" timestamp="2020-06-11T08:39:03 CDT" skipped="0">
  <testcase classname="com.test.TestNGBasics" name="googleTitleTest" time="0.002"/>
  <system-out/>
  <testcase classname="com.test.TestNGBasics" name="searchTest" time="0.003"/>
  <system-out/>
  <testcase classname="com.test.TestNGBasics" name="googleLogoTest" time="0.003"/>
  <system-out/>
</testsuite> <!-- com.test.TestNGBasics -->
