<?xml version="1.0" encoding="UTF-8"?>
<!-- Generated by org.testng.reporters.JUnitReportReporter -->
<testsuite hostname="LAPTOP-PB7A2EIU" failures="0" tests="6" name="com.test.GoogleTest" time="52.416" errors="0" timestamp="2020-06-11T08:39:03 CDT" skipped="0">
  <testcase classname="com.test.GoogleTest" name="googleTitleTest" time="8.245"/>
  <system-out/>
  <testcase classname="com.test.GoogleTest" name="googleLogoTest" time="8.366"/>
  <system-out/>
  <testcase classname="com.test.GoogleTest" name="gmailLinkTextTest" time="8.180"/>
  <system-out/>
  <testcase classname="com.test.GoogleTest" name="Test1" time="9.827"/>
  <system-out/>
  <testcase classname="com.test.GoogleTest" name="Test2" time="9.624"/>
  <system-out/>
  <testcase classname="com.test.GoogleTest" name="Test3" time="8.174"/>
  <system-out/>
</testsuite> <!-- com.test.GoogleTest -->
