<?xml version="1.0" encoding="UTF-8"?>
<!-- Generated by org.testng.reporters.JUnitReportReporter -->
<testsuite hostname="LAPTOP-PB7A2EIU" failures="0" tests="1" name="com.brokenlinks.BrokenLinksTest" time="9.210" errors="0" timestamp="2020-06-15T15:18:08 CDT" skipped="0">
  <testcase classname="com.brokenlinks.BrokenLinksTest" name="countBrokenLinks" time="9.210"/>
  <system-out/>
</testsuite> <!-- com.brokenlinks.BrokenLinksTest -->
