<?xml version="1.0" encoding="UTF-8"?>
<!-- Generated by org.testng.reporters.JUnitReportReporter -->
<testsuite hostname="LAPTOP-PB7A2EIU" failures="0" tests="2" name="com.test.TestNGFeatures" time="16.022" errors="0" timestamp="2020-06-11T08:39:03 CDT" skipped="0">
  <testcase classname="com.test.TestNGFeatures" name="loginPage" time="7.868"/>
  <system-out/>
  <testcase classname="com.test.TestNGFeatures" name="HomePage" time="8.154"/>
  <system-out/>
</testsuite> <!-- com.test.TestNGFeatures -->
